[30-Aug-2024 17:10:31] NOTICE: fpm is running, pid 20718
[30-Aug-2024 17:10:31] NOTICE: ready to handle connections
[01-Sep-2024 10:39:11] NOTICE: Terminating ...
[01-Sep-2024 10:39:11] NOTICE: Terminating ...
[01-Sep-2024 10:39:11] NOTICE: exiting, bye-bye!
[01-Sep-2024 10:39:13] NOTICE: fpm is running, pid 27285
[01-Sep-2024 10:39:13] NOTICE: ready to handle connections
[01-Sep-2024 15:51:30] NOTICE: Terminating ...
[01-Sep-2024 15:51:30] NOTICE: Terminating ...
[01-Sep-2024 15:51:30] NOTICE: exiting, bye-bye!
[01-Sep-2024 15:51:39] NOTICE: fpm is running, pid 28878
[01-Sep-2024 15:51:39] NOTICE: ready to handle connections
[01-Sep-2024 16:01:02] NOTICE: Terminating ...
[01-Sep-2024 16:01:02] NOTICE: Terminating ...
[01-Sep-2024 16:01:02] NOTICE: exiting, bye-bye!
[01-Sep-2024 16:02:15] NOTICE: fpm is running, pid 29006
[01-Sep-2024 16:02:15] NOTICE: ready to handle connections
[02-Sep-2024 10:59:20] NOTICE: Terminating ...
[02-Sep-2024 10:59:20] NOTICE: Terminating ...
[02-Sep-2024 10:59:20] NOTICE: exiting, bye-bye!
[02-Sep-2024 17:29:45] NOTICE: fpm is running, pid 31552
[02-Sep-2024 17:29:45] NOTICE: ready to handle connections
[02-Sep-2024 22:57:18] NOTICE: Terminating ...
[02-Sep-2024 22:57:18] NOTICE: Terminating ...
[02-Sep-2024 22:57:18] NOTICE: exiting, bye-bye!
[04-Sep-2024 16:04:36] NOTICE: fpm is running, pid 42213
[04-Sep-2024 16:04:36] NOTICE: ready to handle connections
[06-Sep-2024 19:02:56] NOTICE: fpm is running, pid 50145
[06-Sep-2024 19:02:56] NOTICE: ready to handle connections
[10-Sep-2024 18:02:26] NOTICE: Terminating ...
[10-Sep-2024 18:02:26] NOTICE: Terminating ...
[10-Sep-2024 18:02:26] NOTICE: exiting, bye-bye!
[13-Sep-2024 21:54:52] NOTICE: fpm is running, pid 6837
[13-Sep-2024 21:54:52] NOTICE: ready to handle connections
